Using pre-set license
Built from '2021.3/staging' branch; Version is '2021.3.18f1 (3129e69bc0c7) revision 3221990'; Using compiler version '192829333'; Build Type 'Release'
OS: 'Windows 10  (10.0.19045) 64bit Core' Language: 'ja' Physical Memory: 16240 MB
BatchMode: 1, IsHumanControllingUs: 0, StartBugReporterOnCrash: 0, Is64bit: 1, IsPro: 1

COMMAND LINE ARGUMENTS:
D:\2021.3.18f1\Editor\Unity.exe
-adb2
-batchMode
-noUpm
-name
AssetImportWorker0
-projectPath
D:/Github/GameAward2023/GameAward2023
-logFile
Logs/AssetImportWorker0.log
-srvPort
62028
Successfully changed project path to: D:/Github/GameAward2023/GameAward2023
D:/Github/GameAward2023/GameAward2023
[UnityMemory] Configuration Parameters - Can be set up in boot.config
    "memorysetup-bucket-allocator-granularity=16"
    "memorysetup-bucket-allocator-bucket-count=8"
    "memorysetup-bucket-allocator-block-size=33554432"
    "memorysetup-bucket-allocator-block-count=8"
    "memorysetup-main-allocator-block-size=16777216"
    "memorysetup-thread-allocator-block-size=16777216"
    "memorysetup-gfx-main-allocator-block-size=16777216"
    "memorysetup-gfx-thread-allocator-block-size=16777216"
    "memorysetup-cache-allocator-block-size=4194304"
    "memorysetup-typetree-allocator-block-size=2097152"
    "memorysetup-profiler-bucket-allocator-granularity=16"
    "memorysetup-profiler-bucket-allocator-bucket-count=8"
    "memorysetup-profiler-bucket-allocator-block-size=33554432"
    "memorysetup-profiler-bucket-allocator-block-count=8"
    "memorysetup-profiler-allocator-block-size=16777216"
    "memorysetup-profiler-editor-allocator-block-size=1048576"
    "memorysetup-temp-allocator-size-main=16777216"
    "memorysetup-job-temp-allocator-block-size=2097152"
    "memorysetup-job-temp-allocator-block-size-background=1048576"
    "memorysetup-job-temp-allocator-reduction-small-platforms=262144"
    "memorysetup-temp-allocator-size-background-worker=32768"
    "memorysetup-temp-allocator-size-job-worker=262144"
    "memorysetup-temp-allocator-size-preload-manager=33554432"
    "memorysetup-temp-allocator-size-nav-mesh-worker=65536"
    "memorysetup-temp-allocator-size-audio-worker=65536"
    "memorysetup-temp-allocator-size-cloud-worker=32768"
    "memorysetup-temp-allocator-size-gi-baking-worker=262144"
    "memorysetup-temp-allocator-size-gfx=262144"
Player connection [23848] Host "[IP] 192.168.0.236 [Port] 0 [Flags] 2 [Guid] 2187520660 [EditorId] 2187520660 [Version] 1048832 [Id] WindowsEditor(7,Wths05072) [Debug] 1 [PackageName] WindowsEditor [ProjectName] Editor" joined multi-casting on [225.0.0.222:54997]...

Player connection [23848] Host "[IP] 192.168.0.236 [Port] 0 [Flags] 2 [Guid] 2187520660 [EditorId] 2187520660 [Version] 1048832 [Id] WindowsEditor(7,Wths05072) [Debug] 1 [PackageName] WindowsEditor [ProjectName] Editor" joined alternative multi-casting on [225.0.0.222:34997]...

Refreshing native plugins compatible for Editor in 228.53 ms, found 4 plugins.
Preloading 0 native plugins for Editor in 0.00 ms.
Initialize engine version: 2021.3.18f1 (3129e69bc0c7)
[Subsystems] Discovering subsystems at path D:/2021.3.18f1/Editor/Data/Resources/UnitySubsystems
[Subsystems] Discovering subsystems at path D:/Github/GameAward2023/GameAward2023/Assets
GfxDevice: creating device client; threaded=0; jobified=0
Direct3D:
    Version:  Direct3D 11.0 [level 11.0]
    Renderer: NVIDIA GeForce GTX 960M (ID=0x139b)
    Vendor:   NVIDIA
    VRAM:     4053 MB
    Driver:   30.0.14.7219
Initialize mono
Mono path[0] = 'D:/2021.3.18f1/Editor/Data/Managed'
Mono path[1] = 'D:/2021.3.18f1/Editor/Data/MonoBleedingEdge/lib/mono/unityjit-win32'
Mono config path = 'D:/2021.3.18f1/Editor/Data/MonoBleedingEdge/etc'
Using monoOptions --debugger-agent=transport=dt_socket,embedding=1,server=y,suspend=n,address=127.0.0.1:56192
Begin MonoManager ReloadAssembly
Registering precompiled unity dll's ...
Register platform support module: D:/2021.3.18f1/Editor/Data/PlaybackEngines/WebGLSupport/UnityEditor.WebGL.Extensions.dll
Register platform support module: D:/2021.3.18f1/Editor/Data/PlaybackEngines/WindowsStandaloneSupport/UnityEditor.WindowsStandalone.Extensions.dll
Register platform support module: D:/2021.3.18f1/Editor/Data/PlaybackEngines/MetroSupport/UnityEditor.UWP.Extensions.dll
Registered in 0.006068 seconds.
Native extension for UWP target not found
Native extension for WindowsStandalone target not found
Native extension for WebGL target not found
Refreshing native plugins compatible for Editor in 233.72 ms, found 4 plugins.
Preloading 0 native plugins for Editor in 0.00 ms.
Mono: successfully reloaded assembly
- Completed reload, in  1.222 seconds
Domain Reload Profiling:
	ReloadAssembly (1223ms)
		BeginReloadAssembly (128ms)
			ExecutionOrderSort (0ms)
			DisableScriptedObjects (0ms)
			BackupInstance (0ms)
			ReleaseScriptingObjects (0ms)
			CreateAndSetChildDomain (1ms)
		EndReloadAssembly (903ms)
			LoadAssemblies (128ms)
			RebuildTransferFunctionScriptingTraits (0ms)
			SetupTypeCache (181ms)
			ReleaseScriptCaches (0ms)
			RebuildScriptCaches (54ms)
			SetupLoadedEditorAssemblies (574ms)
				LogAssemblyErrors (0ms)
				InitializePlatformSupportModulesInManaged (22ms)
				SetLoadedEditorAssemblies (0ms)
				RefreshPlugins (234ms)
				BeforeProcessingInitializeOnLoad (2ms)
				ProcessInitializeOnLoadAttributes (238ms)
				ProcessInitializeOnLoadMethodAttributes (78ms)
				AfterProcessingInitializeOnLoad (0ms)
				EditorAssembliesLoaded (0ms)
			ExecutionOrderSort2 (0ms)
			AwakeInstancesAfterBackupRestoration (0ms)
Platform modules already initialized, skipping
Registering precompiled user dll's ...
Registered in 0.008048 seconds.
Begin MonoManager ReloadAssembly
Symbol file LoadedFromMemory doesn't match image D:\Github\GameAward2023\GameAward2023\Library\PackageCache\com.unity.visualscripting@1.8.0\Editor\VisualScripting.Core\Dependencies\YamlDotNet\Unity.VisualScripting.YamlDotNet.dll
Symbol file LoadedFromMemory doesn't match image D:\Github\GameAward2023\GameAward2023\Library\PackageCache\com.unity.visualscripting@1.8.0\Editor\VisualScripting.Core\Dependencies\DotNetZip\Unity.VisualScripting.IonicZip.dll
Native extension for UWP target not found
Native extension for WindowsStandalone target not found
Native extension for WebGL target not found
Refreshing native plugins compatible for Editor in 240.18 ms, found 4 plugins.
Preloading 0 native plugins for Editor in 0.00 ms.
Mono: successfully reloaded assembly
- Completed reload, in  2.964 seconds
Domain Reload Profiling:
	ReloadAssembly (2965ms)
		BeginReloadAssembly (210ms)
			ExecutionOrderSort (0ms)
			DisableScriptedObjects (10ms)
			BackupInstance (0ms)
			ReleaseScriptingObjects (0ms)
			CreateAndSetChildDomain (39ms)
		EndReloadAssembly (2535ms)
			LoadAssemblies (162ms)
			RebuildTransferFunctionScriptingTraits (0ms)
			SetupTypeCache (589ms)
			ReleaseScriptCaches (1ms)
			RebuildScriptCaches (203ms)
			SetupLoadedEditorAssemblies (1488ms)
				LogAssemblyErrors (0ms)
				InitializePlatformSupportModulesInManaged (15ms)
				SetLoadedEditorAssemblies (2ms)
				RefreshPlugins (240ms)
				BeforeProcessingInitializeOnLoad (228ms)
				ProcessInitializeOnLoadAttributes (824ms)
				ProcessInitializeOnLoadMethodAttributes (174ms)
				AfterProcessingInitializeOnLoad (6ms)
				EditorAssembliesLoaded (0ms)
			ExecutionOrderSort2 (0ms)
			AwakeInstancesAfterBackupRestoration (13ms)
Platform modules already initialized, skipping
========================================================================
Worker process is ready to serve import requests
Launched and connected shader compiler UnityShaderCompiler.exe after 0.19 seconds
Refreshing native plugins compatible for Editor in 2.20 ms, found 4 plugins.
Preloading 0 native plugins for Editor in 0.00 ms.
Unloading 6590 Unused Serialized files (Serialized files now loaded: 0)
Unloading 71 unused Assets / (4.0 MB). Loaded Objects now: 7020.
Memory consumption went from 272.1 MB to 268.0 MB.
Total: 7.716000 ms (FindLiveObjects: 0.611100 ms CreateObjectMapping: 0.678600 ms MarkObjects: 4.929300 ms  DeleteObjects: 1.495600 ms)

AssetImportParameters requested are different than current active one (requested -> active):
  custom:video-decoder-ogg-theora: a1e56fd34408186e4bbccfd4996cb3dc -> 
  custom:container-muxer-webm: aa71ff27fc2769a1b78a27578f13a17b -> 
  custom:container-demuxer-webm: 4f35f7cbe854078d1ac9338744f61a02 -> 
  custom:video-encoder-webm-vp8: eb34c28f22e8b96e1ab97ce403110664 -> 
  custom:video-codec-MediaFoundation-h265: 746d11721c4dcdbdad8f713fa42b33f4 -> 
  custom:audio-encoder-webm-vorbis: bf7c407c2cedff20999df2af8eb42d56 -> 
  custom:framework-win-MediaFoundation: 216162199b28c13a410421893ffa2e32 -> 
  custom:container-demuxer-ogg: 62fdf1f143b41e24485cea50d1cbac27 -> 
  custom:video-decoder-webm-vp8: 9c59270c3fd7afecdb556c50c9e8de78 -> 
  custom:audio-decoder-ogg-vorbis: bf7c407c2cedff20999df2af8eb42d56 -> 
========================================================================
Received Import Request.
  Time since last request: 720253.032925 seconds.
  path: Assets/VFXGraph/JumpVFX 1.vfx
  artifactKey: Guid(00770a34aacffa140bb7698b9ca1fa95) Importer(815301076,1909f56bfc062723c751e8b465ee728b)
Start importing Assets/VFXGraph/JumpVFX 1.vfx using Guid(00770a34aacffa140bb7698b9ca1fa95) Importer(815301076,1909f56bfc062723c751e8b465ee728b)  -> (artifact id: '8d81ec4debe6d09cf29d260bc0792b80') in 0.102034 seconds 
========================================================================
Received Import Request.
  Time since last request: 0.000056 seconds.
  path: Assets/VFXGraph/New VFX 1.vfx
  artifactKey: Guid(55a7c1f47541ba44081f0559a96a1a8d) Importer(815301076,1909f56bfc062723c751e8b465ee728b)
Start importing Assets/VFXGraph/New VFX 1.vfx using Guid(55a7c1f47541ba44081f0559a96a1a8d) Importer(815301076,1909f56bfc062723c751e8b465ee728b)  -> (artifact id: 'ee9fced414ccee24d868053d214f9a89') in 0.650055 seconds 
========================================================================
Received Import Request.
  Time since last request: 12.181137 seconds.
  path: Assets/VFXGraph/SlideJumpVFX.vfx
  artifactKey: Guid(00770a34aacffa140bb7698b9ca1fa95) Importer(815301076,1909f56bfc062723c751e8b465ee728b)
Start importing Assets/VFXGraph/SlideJumpVFX.vfx using Guid(00770a34aacffa140bb7698b9ca1fa95) Importer(815301076,1909f56bfc062723c751e8b465ee728b)  -> (artifact id: '08f59d51d8d44821ca1245a03acb2b7f') in 0.245056 seconds 
========================================================================
Received Import Request.
  Time since last request: 7.538597 seconds.
  path: Assets/VFXGraph/SlideJumpVFX.vfx
  artifactKey: Guid(00770a34aacffa140bb7698b9ca1fa95) Importer(815301076,1909f56bfc062723c751e8b465ee728b)
Start importing Assets/VFXGraph/SlideJumpVFX.vfx using Guid(00770a34aacffa140bb7698b9ca1fa95) Importer(815301076,1909f56bfc062723c751e8b465ee728b)  -> (artifact id: '6ee9c62372bb4fe44b9e105f16f64fe5') in 0.135690 seconds 
========================================================================
Received Import Request.
  Time since last request: 21.554167 seconds.
  path: Assets/VFXGraph/SlideJumpVFX.vfx
  artifactKey: Guid(00770a34aacffa140bb7698b9ca1fa95) Importer(815301076,1909f56bfc062723c751e8b465ee728b)
Start importing Assets/VFXGraph/SlideJumpVFX.vfx using Guid(00770a34aacffa140bb7698b9ca1fa95) Importer(815301076,1909f56bfc062723c751e8b465ee728b)  -> (artifact id: '287fccfb434c35b754f4ddf3d0ac8edc') in 0.269029 seconds 
========================================================================
Received Import Request.
  Time since last request: 7.334878 seconds.
  path: Assets/VFXGraph/SlideJumpVFX.vfx
  artifactKey: Guid(00770a34aacffa140bb7698b9ca1fa95) Importer(815301076,1909f56bfc062723c751e8b465ee728b)
Start importing Assets/VFXGraph/SlideJumpVFX.vfx using Guid(00770a34aacffa140bb7698b9ca1fa95) Importer(815301076,1909f56bfc062723c751e8b465ee728b)  -> (artifact id: '48ef81beea0a5a82dc133ad450557628') in 0.255503 seconds 
========================================================================
Received Import Request.
  Time since last request: 3.666491 seconds.
  path: Assets/VFXGraph/SlideJumpVFX.vfx
  artifactKey: Guid(00770a34aacffa140bb7698b9ca1fa95) Importer(815301076,1909f56bfc062723c751e8b465ee728b)
Start importing Assets/VFXGraph/SlideJumpVFX.vfx using Guid(00770a34aacffa140bb7698b9ca1fa95) Importer(815301076,1909f56bfc062723c751e8b465ee728b)  -> (artifact id: '0b155843ffa351f81cd5b2daeb71c664') in 0.153822 seconds 
========================================================================
Received Import Request.
  Time since last request: 139.135733 seconds.
  path: Assets/VFXGraph/SlideJumpVFX.vfx
  artifactKey: Guid(00770a34aacffa140bb7698b9ca1fa95) Importer(815301076,1909f56bfc062723c751e8b465ee728b)
Start importing Assets/VFXGraph/SlideJumpVFX.vfx using Guid(00770a34aacffa140bb7698b9ca1fa95) Importer(815301076,1909f56bfc062723c751e8b465ee728b)  -> (artifact id: 'd26cbb579eeb4a337baa8cf4c24e92f9') in 0.168449 seconds 
========================================================================
Received Import Request.
  Time since last request: 3.015812 seconds.
  path: Assets/VFXGraph/SlideJumpVFX.vfx
  artifactKey: Guid(00770a34aacffa140bb7698b9ca1fa95) Importer(815301076,1909f56bfc062723c751e8b465ee728b)
Start importing Assets/VFXGraph/SlideJumpVFX.vfx using Guid(00770a34aacffa140bb7698b9ca1fa95) Importer(815301076,1909f56bfc062723c751e8b465ee728b)  -> (artifact id: 'bd1ed379eda30f0ea085cb99845fc38a') in 0.161271 seconds 
========================================================================
Received Import Request.
  Time since last request: 8.563550 seconds.
  path: Assets/VFXGraph/SlideJumpVFX 1.vfx
  artifactKey: Guid(bc352d6471ccab94fa9fdbfac0e2444a) Importer(815301076,1909f56bfc062723c751e8b465ee728b)
Start importing Assets/VFXGraph/SlideJumpVFX 1.vfx using Guid(bc352d6471ccab94fa9fdbfac0e2444a) Importer(815301076,1909f56bfc062723c751e8b465ee728b)  -> (artifact id: '83e8dcbcef2cc2647d18d59432d96f31') in 0.315248 seconds 
========================================================================
Received Import Request.
  Time since last request: 12.070309 seconds.
  path: Assets/VFXGraph/DoubleJumpVFX.vfx
  artifactKey: Guid(00770a34aacffa140bb7698b9ca1fa95) Importer(815301076,1909f56bfc062723c751e8b465ee728b)
Start importing Assets/VFXGraph/DoubleJumpVFX.vfx using Guid(00770a34aacffa140bb7698b9ca1fa95) Importer(815301076,1909f56bfc062723c751e8b465ee728b)  -> (artifact id: '36734be9d10e6e15e457f96f96fa4383') in 0.236938 seconds 
========================================================================
Received Import Request.
  Time since last request: 19.630448 seconds.
  path: Assets/VFXGraph/DoubleJumpVFX.vfx
  artifactKey: Guid(00770a34aacffa140bb7698b9ca1fa95) Importer(815301076,1909f56bfc062723c751e8b465ee728b)
Start importing Assets/VFXGraph/DoubleJumpVFX.vfx using Guid(00770a34aacffa140bb7698b9ca1fa95) Importer(815301076,1909f56bfc062723c751e8b465ee728b)  -> (artifact id: 'a26b4d7974fa98861ff5ff9d29be108a') in 0.167263 seconds 
========================================================================
Received Import Request.
  Time since last request: 29.789870 seconds.
  path: Assets/VFXGraph/DoubleJumpVFX.vfx
  artifactKey: Guid(00770a34aacffa140bb7698b9ca1fa95) Importer(815301076,1909f56bfc062723c751e8b465ee728b)
Start importing Assets/VFXGraph/DoubleJumpVFX.vfx using Guid(00770a34aacffa140bb7698b9ca1fa95) Importer(815301076,1909f56bfc062723c751e8b465ee728b)  -> (artifact id: 'b7697dc88981cac1160e355d6fbde2b2') in 0.143108 seconds 
========================================================================
Received Import Request.
  Time since last request: 2.170294 seconds.
  path: Assets/VFXGraph/DoubleJumpVFX.vfx
  artifactKey: Guid(00770a34aacffa140bb7698b9ca1fa95) Importer(815301076,1909f56bfc062723c751e8b465ee728b)
Start importing Assets/VFXGraph/DoubleJumpVFX.vfx using Guid(00770a34aacffa140bb7698b9ca1fa95) Importer(815301076,1909f56bfc062723c751e8b465ee728b)  -> (artifact id: 'd6e00dab3863a7a68cc2a879f0b9074b') in 0.157710 seconds 
========================================================================
Received Import Request.
  Time since last request: 5.002111 seconds.
  path: Assets/VFXGraph/SlideJumpVFX 1.vfx
  artifactKey: Guid(bc352d6471ccab94fa9fdbfac0e2444a) Importer(815301076,1909f56bfc062723c751e8b465ee728b)
Start importing Assets/VFXGraph/SlideJumpVFX 1.vfx using Guid(bc352d6471ccab94fa9fdbfac0e2444a) Importer(815301076,1909f56bfc062723c751e8b465ee728b)  -> (artifact id: '7b681a9071db06d52d8540a843ae7600') in 0.173188 seconds 
========================================================================
Received Import Request.
  Time since last request: 36.184106 seconds.
  path: Assets/VFXGraph/SlideJumpVFX 1.vfx
  artifactKey: Guid(bc352d6471ccab94fa9fdbfac0e2444a) Importer(815301076,1909f56bfc062723c751e8b465ee728b)
Start importing Assets/VFXGraph/SlideJumpVFX 1.vfx using Guid(bc352d6471ccab94fa9fdbfac0e2444a) Importer(815301076,1909f56bfc062723c751e8b465ee728b)  -> (artifact id: 'c5e854a34d677729fe6e1db30d56a08c') in 0.247465 seconds 
========================================================================
Received Import Request.
  Time since last request: 10.541335 seconds.
  path: Assets/VFXGraph/WallJumpVFX.vfx
  artifactKey: Guid(addbd804eaf7552488776fc1181ae5ff) Importer(815301076,1909f56bfc062723c751e8b465ee728b)
Start importing Assets/VFXGraph/WallJumpVFX.vfx using Guid(addbd804eaf7552488776fc1181ae5ff) Importer(815301076,1909f56bfc062723c751e8b465ee728b)  -> (artifact id: '2ba980b4d84886399cf3528eaa9223fa') in 0.246701 seconds 
========================================================================
Received Import Request.
  Time since last request: 15.901869 seconds.
  path: Assets/VFXGraph/SlideJumpVFX.vfx
  artifactKey: Guid(bc352d6471ccab94fa9fdbfac0e2444a) Importer(815301076,1909f56bfc062723c751e8b465ee728b)
Start importing Assets/VFXGraph/SlideJumpVFX.vfx using Guid(bc352d6471ccab94fa9fdbfac0e2444a) Importer(815301076,1909f56bfc062723c751e8b465ee728b)  -> (artifact id: '8837981ab67292ab7807818b1205c6a0') in 0.231827 seconds 
========================================================================
Received Import Request.
  Time since last request: 8.223282 seconds.
  path: Assets/VFXGraph/WallJumpVFX.vfx
  artifactKey: Guid(addbd804eaf7552488776fc1181ae5ff) Importer(815301076,1909f56bfc062723c751e8b465ee728b)
Start importing Assets/VFXGraph/WallJumpVFX.vfx using Guid(addbd804eaf7552488776fc1181ae5ff) Importer(815301076,1909f56bfc062723c751e8b465ee728b)  -> (artifact id: 'c8722a24d3ffde416565b843ee97e5bb') in 0.166353 seconds 
========================================================================
Received Import Request.
  Time since last request: 126.285373 seconds.
  path: Assets/VFXGraph/WallJumpVFX.vfx
  artifactKey: Guid(addbd804eaf7552488776fc1181ae5ff) Importer(815301076,1909f56bfc062723c751e8b465ee728b)
Start importing Assets/VFXGraph/WallJumpVFX.vfx using Guid(addbd804eaf7552488776fc1181ae5ff) Importer(815301076,1909f56bfc062723c751e8b465ee728b)  -> (artifact id: '252aced7b36b56bf670b3359c760266e') in 0.243102 seconds 
========================================================================
Received Import Request.
  Time since last request: 1.519730 seconds.
  path: Assets/VFXGraph/WallJumpVFX.vfx
  artifactKey: Guid(addbd804eaf7552488776fc1181ae5ff) Importer(815301076,1909f56bfc062723c751e8b465ee728b)
Start importing Assets/VFXGraph/WallJumpVFX.vfx using Guid(addbd804eaf7552488776fc1181ae5ff) Importer(815301076,1909f56bfc062723c751e8b465ee728b)  -> (artifact id: 'c5f3af0138f43afb12021d85e2b10a98') in 0.271585 seconds 
========================================================================
Received Import Request.
  Time since last request: 60.091950 seconds.
  path: Assets/UniversalRenderPipelineGlobalSettings.asset
  artifactKey: Guid(38c638d9f49257546ab9741899e0c206) Importer(815301076,1909f56bfc062723c751e8b465ee728b)
Start importing Assets/UniversalRenderPipelineGlobalSettings.asset using Guid(38c638d9f49257546ab9741899e0c206) Importer(815301076,1909f56bfc062723c751e8b465ee728b)  -> (artifact id: 'd728c8d2c34e9ba2d575d22a763e23e0') in 0.013475 seconds 
========================================================================
Received Prepare
Registering precompiled user dll's ...
Registered in 0.008596 seconds.
Begin MonoManager ReloadAssembly
Symbol file LoadedFromMemory doesn't match image D:\Github\GameAward2023\GameAward2023\Library\PackageCache\com.unity.visualscripting@1.8.0\Editor\VisualScripting.Core\Dependencies\YamlDotNet\Unity.VisualScripting.YamlDotNet.dll
Symbol file LoadedFromMemory doesn't match image D:\Github\GameAward2023\GameAward2023\Library\PackageCache\com.unity.visualscripting@1.8.0\Editor\VisualScripting.Core\Dependencies\DotNetZip\Unity.VisualScripting.IonicZip.dll
Native extension for UWP target not found
Native extension for WindowsStandalone target not found
Native extension for WebGL target not found
Refreshing native plugins compatible for Editor in 4.73 ms, found 4 plugins.
Preloading 0 native plugins for Editor in 0.00 ms.
Mono: successfully reloaded assembly
- Completed reload, in  2.695 seconds
Domain Reload Profiling:
	ReloadAssembly (2696ms)
		BeginReloadAssembly (322ms)
			ExecutionOrderSort (0ms)
			DisableScriptedObjects (21ms)
			BackupInstance (0ms)
			ReleaseScriptingObjects (0ms)
			CreateAndSetChildDomain (106ms)
		EndReloadAssembly (2187ms)
			LoadAssemblies (251ms)
			RebuildTransferFunctionScriptingTraits (0ms)
			SetupTypeCache (647ms)
			ReleaseScriptCaches (3ms)
			RebuildScriptCaches (151ms)
			SetupLoadedEditorAssemblies (987ms)
				LogAssemblyErrors (0ms)
				InitializePlatformSupportModulesInManaged (25ms)
				SetLoadedEditorAssemblies (2ms)
				RefreshPlugins (5ms)
				BeforeProcessingInitializeOnLoad (219ms)
				ProcessInitializeOnLoadAttributes (555ms)
				ProcessInitializeOnLoadMethodAttributes (173ms)
				AfterProcessingInitializeOnLoad (6ms)
				EditorAssembliesLoaded (0ms)
			ExecutionOrderSort2 (0ms)
			AwakeInstancesAfterBackupRestoration (35ms)
Platform modules already initialized, skipping
Refreshing native plugins compatible for Editor in 4.59 ms, found 4 plugins.
Preloading 0 native plugins for Editor in 0.00 ms.
Unloading 6389 Unused Serialized files (Serialized files now loaded: 0)
Unloading 56 unused Assets / (4.1 MB). Loaded Objects now: 7112.
Memory consumption went from 265.2 MB to 261.2 MB.
Total: 14.959700 ms (FindLiveObjects: 0.640700 ms CreateObjectMapping: 0.651200 ms MarkObjects: 7.811200 ms  DeleteObjects: 5.854700 ms)

AssetImportParameters requested are different than current active one (requested -> active):
  custom:video-decoder-ogg-theora: a1e56fd34408186e4bbccfd4996cb3dc -> 
  custom:container-muxer-webm: aa71ff27fc2769a1b78a27578f13a17b -> 
  custom:container-demuxer-webm: 4f35f7cbe854078d1ac9338744f61a02 -> 
  custom:video-encoder-webm-vp8: eb34c28f22e8b96e1ab97ce403110664 -> 
  custom:video-codec-MediaFoundation-h265: 746d11721c4dcdbdad8f713fa42b33f4 -> 
  custom:audio-encoder-webm-vorbis: bf7c407c2cedff20999df2af8eb42d56 -> 
  custom:framework-win-MediaFoundation: 216162199b28c13a410421893ffa2e32 -> 
  custom:container-demuxer-ogg: 62fdf1f143b41e24485cea50d1cbac27 -> 
  custom:video-decoder-webm-vp8: 9c59270c3fd7afecdb556c50c9e8de78 -> 
  custom:audio-decoder-ogg-vorbis: bf7c407c2cedff20999df2af8eb42d56 -> 
========================================================================
Received Import Request.
  Time since last request: 132.368219 seconds.
  path: Assets/SourceCode/GameSystem
  artifactKey: Guid(9e928421a87046240b60a65e49d1f5e0) Importer(815301076,1909f56bfc062723c751e8b465ee728b)
Start importing Assets/SourceCode/GameSystem using Guid(9e928421a87046240b60a65e49d1f5e0) Importer(815301076,1909f56bfc062723c751e8b465ee728b)  -> (artifact id: '475e1bcab018f8089ed30d8b39f5a9ab') in 0.027789 seconds 
========================================================================
Received Import Request.
  Time since last request: 0.696708 seconds.
  path: Assets/SourceCode/Player
  artifactKey: Guid(b4db09d5b19c87445a25d89232fa5d63) Importer(815301076,1909f56bfc062723c751e8b465ee728b)
Start importing Assets/SourceCode/Player using Guid(b4db09d5b19c87445a25d89232fa5d63) Importer(815301076,1909f56bfc062723c751e8b465ee728b)  -> (artifact id: 'e651f87a24f53bc32d19db8aeafad76b') in 0.009262 seconds 
========================================================================
Received Import Request.
  Time since last request: 8.400195 seconds.
  path: Assets/SourceCode/SecurityCamera
  artifactKey: Guid(b28b5528c588a8e40af2cdf6ed5b4309) Importer(815301076,1909f56bfc062723c751e8b465ee728b)
Start importing Assets/SourceCode/SecurityCamera using Guid(b28b5528c588a8e40af2cdf6ed5b4309) Importer(815301076,1909f56bfc062723c751e8b465ee728b)  -> (artifact id: '477db4b5ed5382e75613d28c7a77903c') in 0.054189 seconds 
========================================================================
Received Import Request.
  Time since last request: 7.255708 seconds.
  path: Assets/Perfab
  artifactKey: Guid(c043efab9503fe3428fca23333c51455) Importer(815301076,1909f56bfc062723c751e8b465ee728b)
Start importing Assets/Perfab using Guid(c043efab9503fe3428fca23333c51455) Importer(815301076,1909f56bfc062723c751e8b465ee728b)  -> (artifact id: '56b467f017a747705484b0b38b53cfb2') in 0.011432 seconds 
========================================================================
Received Import Request.
  Time since last request: 0.000043 seconds.
  path: Assets/Perfab/Bullet.prefab
  artifactKey: Guid(28ae757faa1a29148b9fd6f0cff82d21) Importer(815301076,1909f56bfc062723c751e8b465ee728b)
Start importing Assets/Perfab/Bullet.prefab using Guid(28ae757faa1a29148b9fd6f0cff82d21) Importer(815301076,1909f56bfc062723c751e8b465ee728b)  -> (artifact id: 'bce3ee15b0a4186ffb16fa124432d1c9') in 0.356863 seconds 
========================================================================
Received Import Request.
  Time since last request: 7.483848 seconds.
  path: Assets/VFXGraph
  artifactKey: Guid(5b800c8df26ce9b48bbca9c0e502b9c5) Importer(815301076,1909f56bfc062723c751e8b465ee728b)
Start importing Assets/VFXGraph using Guid(5b800c8df26ce9b48bbca9c0e502b9c5) Importer(815301076,1909f56bfc062723c751e8b465ee728b)  -> (artifact id: 'da4f3f37708646cb216768dd94f1fb9a') in 0.012701 seconds 
========================================================================
Received Import Request.
  Time since last request: 61.726083 seconds.
  path: Assets/Perfab/Particle
  artifactKey: Guid(6da136a89cb1d44438639245bb541808) Importer(815301076,1909f56bfc062723c751e8b465ee728b)
Start importing Assets/Perfab/Particle using Guid(6da136a89cb1d44438639245bb541808) Importer(815301076,1909f56bfc062723c751e8b465ee728b)  -> (artifact id: '1712a00e2d51661c05238a7f95c574b2') in 0.010926 seconds 
========================================================================
Received Import Request.
  Time since last request: 26.226734 seconds.
  path: Assets/Perfab/Particle/SlideJumpVFX.prefab
  artifactKey: Guid(368bcfa0163f50d439d1f302dc2a45c5) Importer(815301076,1909f56bfc062723c751e8b465ee728b)
Start importing Assets/Perfab/Particle/SlideJumpVFX.prefab using Guid(368bcfa0163f50d439d1f302dc2a45c5) Importer(815301076,1909f56bfc062723c751e8b465ee728b)  -> (artifact id: 'f5b2010908fce1f4491a8c32e59b92e7') in 0.028662 seconds 
========================================================================
Received Import Request.
  Time since last request: 8.538169 seconds.
  path: Assets/Perfab/Particle/WallJumpVFX.prefab
  artifactKey: Guid(5dc0170d8619b344f9f45f4f558dc51c) Importer(815301076,1909f56bfc062723c751e8b465ee728b)
Start importing Assets/Perfab/Particle/WallJumpVFX.prefab using Guid(5dc0170d8619b344f9f45f4f558dc51c) Importer(815301076,1909f56bfc062723c751e8b465ee728b)  -> (artifact id: 'e31721e0a0afb4fa6d543517a493fb64') in 0.030997 seconds 
========================================================================
Received Import Request.
  Time since last request: 4.393687 seconds.
  path: Assets/Perfab/Particle/DoubleJumpVFX.prefab
  artifactKey: Guid(0d573d7c74366f146ad6440e5a5e0b3c) Importer(815301076,1909f56bfc062723c751e8b465ee728b)
Start importing Assets/Perfab/Particle/DoubleJumpVFX.prefab using Guid(0d573d7c74366f146ad6440e5a5e0b3c) Importer(815301076,1909f56bfc062723c751e8b465ee728b)  -> (artifact id: 'a854d872fc2c8c4581c4cd9af5caa352') in 0.021188 seconds 
========================================================================
Received Prepare
Registering precompiled user dll's ...
Registered in 0.009413 seconds.
Begin MonoManager ReloadAssembly
Symbol file LoadedFromMemory doesn't match image D:\Github\GameAward2023\GameAward2023\Library\PackageCache\com.unity.visualscripting@1.8.0\Editor\VisualScripting.Core\Dependencies\YamlDotNet\Unity.VisualScripting.YamlDotNet.dll
Symbol file LoadedFromMemory doesn't match image D:\Github\GameAward2023\GameAward2023\Library\PackageCache\com.unity.visualscripting@1.8.0\Editor\VisualScripting.Core\Dependencies\DotNetZip\Unity.VisualScripting.IonicZip.dll
Native extension for UWP target not found
Native extension for WindowsStandalone target not found
Native extension for WebGL target not found
Refreshing native plugins compatible for Editor in 2.70 ms, found 4 plugins.
Preloading 0 native plugins for Editor in 0.00 ms.
Mono: successfully reloaded assembly
- Completed reload, in  2.921 seconds
Domain Reload Profiling:
	ReloadAssembly (2922ms)
		BeginReloadAssembly (284ms)
			ExecutionOrderSort (0ms)
			DisableScriptedObjects (19ms)
			BackupInstance (0ms)
			ReleaseScriptingObjects (0ms)
			CreateAndSetChildDomain (84ms)
		EndReloadAssembly (2432ms)
			LoadAssemblies (212ms)
			RebuildTransferFunctionScriptingTraits (0ms)
			SetupTypeCache (736ms)
			ReleaseScriptCaches (3ms)
			RebuildScriptCaches (198ms)
			SetupLoadedEditorAssemblies (1107ms)
				LogAssemblyErrors (0ms)
				InitializePlatformSupportModulesInManaged (30ms)
				SetLoadedEditorAssemblies (1ms)
				RefreshPlugins (3ms)
				BeforeProcessingInitializeOnLoad (236ms)
				ProcessInitializeOnLoadAttributes (636ms)
				ProcessInitializeOnLoadMethodAttributes (193ms)
				AfterProcessingInitializeOnLoad (6ms)
				EditorAssembliesLoaded (0ms)
			ExecutionOrderSort2 (0ms)
			AwakeInstancesAfterBackupRestoration (36ms)
Platform modules already initialized, skipping
Refreshing native plugins compatible for Editor in 5.11 ms, found 4 plugins.
Preloading 0 native plugins for Editor in 0.00 ms.
Unloading 6385 Unused Serialized files (Serialized files now loaded: 0)
Unloading 56 unused Assets / (4.0 MB). Loaded Objects now: 7156.
Memory consumption went from 264.8 MB to 260.7 MB.
Total: 10.829600 ms (FindLiveObjects: 0.867900 ms CreateObjectMapping: 0.843500 ms MarkObjects: 7.333600 ms  DeleteObjects: 1.783300 ms)

AssetImportParameters requested are different than current active one (requested -> active):
  custom:video-decoder-ogg-theora: a1e56fd34408186e4bbccfd4996cb3dc -> 
  custom:container-muxer-webm: aa71ff27fc2769a1b78a27578f13a17b -> 
  custom:container-demuxer-webm: 4f35f7cbe854078d1ac9338744f61a02 -> 
  custom:video-encoder-webm-vp8: eb34c28f22e8b96e1ab97ce403110664 -> 
  custom:video-codec-MediaFoundation-h265: 746d11721c4dcdbdad8f713fa42b33f4 -> 
  custom:audio-encoder-webm-vorbis: bf7c407c2cedff20999df2af8eb42d56 -> 
  custom:framework-win-MediaFoundation: 216162199b28c13a410421893ffa2e32 -> 
  custom:container-demuxer-ogg: 62fdf1f143b41e24485cea50d1cbac27 -> 
  custom:video-decoder-webm-vp8: 9c59270c3fd7afecdb556c50c9e8de78 -> 
  custom:audio-decoder-ogg-vorbis: bf7c407c2cedff20999df2af8eb42d56 -> 
========================================================================
Received Prepare
Registering precompiled user dll's ...
Registered in 0.009755 seconds.
Begin MonoManager ReloadAssembly
Symbol file LoadedFromMemory doesn't match image D:\Github\GameAward2023\GameAward2023\Library\PackageCache\com.unity.visualscripting@1.8.0\Editor\VisualScripting.Core\Dependencies\YamlDotNet\Unity.VisualScripting.YamlDotNet.dll
Symbol file LoadedFromMemory doesn't match image D:\Github\GameAward2023\GameAward2023\Library\PackageCache\com.unity.visualscripting@1.8.0\Editor\VisualScripting.Core\Dependencies\DotNetZip\Unity.VisualScripting.IonicZip.dll
Native extension for UWP target not found
Native extension for WindowsStandalone target not found
Native extension for WebGL target not found
Refreshing native plugins compatible for Editor in 3.76 ms, found 4 plugins.
Preloading 0 native plugins for Editor in 0.00 ms.
Mono: successfully reloaded assembly
- Completed reload, in  2.870 seconds
Domain Reload Profiling:
	ReloadAssembly (2872ms)
		BeginReloadAssembly (266ms)
			ExecutionOrderSort (0ms)
			DisableScriptedObjects (18ms)
			BackupInstance (0ms)
			ReleaseScriptingObjects (0ms)
			CreateAndSetChildDomain (78ms)
		EndReloadAssembly (2408ms)
			LoadAssemblies (184ms)
			RebuildTransferFunctionScriptingTraits (0ms)
			SetupTypeCache (682ms)
			ReleaseScriptCaches (4ms)
			RebuildScriptCaches (194ms)
			SetupLoadedEditorAssemblies (1152ms)
				LogAssemblyErrors (0ms)
				InitializePlatformSupportModulesInManaged (29ms)
				SetLoadedEditorAssemblies (1ms)
				RefreshPlugins (4ms)
				BeforeProcessingInitializeOnLoad (254ms)
				ProcessInitializeOnLoadAttributes (676ms)
				ProcessInitializeOnLoadMethodAttributes (180ms)
				AfterProcessingInitializeOnLoad (7ms)
				EditorAssembliesLoaded (0ms)
			ExecutionOrderSort2 (0ms)
			AwakeInstancesAfterBackupRestoration (29ms)
Platform modules already initialized, skipping
Refreshing native plugins compatible for Editor in 5.53 ms, found 4 plugins.
Preloading 0 native plugins for Editor in 0.00 ms.
Unloading 6386 Unused Serialized files (Serialized files now loaded: 0)
Unloading 56 unused Assets / (4.1 MB). Loaded Objects now: 7159.
Memory consumption went from 264.9 MB to 260.8 MB.
Total: 9.892300 ms (FindLiveObjects: 0.749700 ms CreateObjectMapping: 0.858800 ms MarkObjects: 5.703000 ms  DeleteObjects: 2.577800 ms)

AssetImportParameters requested are different than current active one (requested -> active):
  custom:video-decoder-ogg-theora: a1e56fd34408186e4bbccfd4996cb3dc -> 
  custom:container-muxer-webm: aa71ff27fc2769a1b78a27578f13a17b -> 
  custom:container-demuxer-webm: 4f35f7cbe854078d1ac9338744f61a02 -> 
  custom:video-encoder-webm-vp8: eb34c28f22e8b96e1ab97ce403110664 -> 
  custom:video-codec-MediaFoundation-h265: 746d11721c4dcdbdad8f713fa42b33f4 -> 
  custom:audio-encoder-webm-vorbis: bf7c407c2cedff20999df2af8eb42d56 -> 
  custom:framework-win-MediaFoundation: 216162199b28c13a410421893ffa2e32 -> 
  custom:container-demuxer-ogg: 62fdf1f143b41e24485cea50d1cbac27 -> 
  custom:video-decoder-webm-vp8: 9c59270c3fd7afecdb556c50c9e8de78 -> 
  custom:audio-decoder-ogg-vorbis: bf7c407c2cedff20999df2af8eb42d56 -> 
========================================================================
Received Import Request.
  Time since last request: 421.041437 seconds.
  path: Assets/TextMesh Pro/Examples & Extras/Resources/Fonts & Materials/Anton SDF.asset
  artifactKey: Guid(8a89fa14b10d46a99122fd4f73fca9a2) Importer(815301076,1909f56bfc062723c751e8b465ee728b)
Start importing Assets/TextMesh Pro/Examples & Extras/Resources/Fonts & Materials/Anton SDF.asset using Guid(8a89fa14b10d46a99122fd4f73fca9a2) Importer(815301076,1909f56bfc062723c751e8b465ee728b)  -> (artifact id: 'ffeae56cdebb8ced820de8d88645140b') in 0.509088 seconds 
========================================================================
Received Import Request.
  Time since last request: 0.000068 seconds.
  path: Assets/TextMesh Pro/Examples & Extras/Resources/Fonts & Materials/Electronic Highway Sign SDF.asset
  artifactKey: Guid(dc36b3fdc14f47ebb36fd484a67e268a) Importer(815301076,1909f56bfc062723c751e8b465ee728b)
Start importing Assets/TextMesh Pro/Examples & Extras/Resources/Fonts & Materials/Electronic Highway Sign SDF.asset using Guid(dc36b3fdc14f47ebb36fd484a67e268a) Importer(815301076,1909f56bfc062723c751e8b465ee728b)  -> (artifact id: 'fc0c2cabc3f67cb33fdab9570d1f718d') in 0.035916 seconds 
========================================================================
Received Import Request.
  Time since last request: 0.000072 seconds.
  path: Assets/TextMesh Pro/Examples & Extras/Resources/Fonts & Materials/Roboto-Bold SDF.asset
  artifactKey: Guid(5302535af1044152a457ed104f1f4b91) Importer(815301076,1909f56bfc062723c751e8b465ee728b)
Start importing Assets/TextMesh Pro/Examples & Extras/Resources/Fonts & Materials/Roboto-Bold SDF.asset using Guid(5302535af1044152a457ed104f1f4b91) Importer(815301076,1909f56bfc062723c751e8b465ee728b)  -> (artifact id: 'b5342b3d373e13814b72f3e698361c6b') in 0.034549 seconds 
========================================================================
Received Import Request.
  Time since last request: 0.000049 seconds.
  path: Assets/TextMesh Pro/Examples & Extras/Resources/Fonts & Materials/Oswald Bold SDF.asset
  artifactKey: Guid(0161d805a3764c089bef00bfe00793f5) Importer(815301076,1909f56bfc062723c751e8b465ee728b)
Start importing Assets/TextMesh Pro/Examples & Extras/Resources/Fonts & Materials/Oswald Bold SDF.asset using Guid(0161d805a3764c089bef00bfe00793f5) Importer(815301076,1909f56bfc062723c751e8b465ee728b)  -> (artifact id: '4be7b1b15a76b855d61262609178fe77') in 0.039774 seconds 
